<?xml version="1.0" encoding="UTF-8"?>
<!-- Generated by org.testng.reporters.JUnitXMLReporter -->
<testsuite ignored="0" hostname="LAPTOP-A3BSI9RN" failures="0" tests="3" name="Test" time="7.602" errors="0" timestamp="2023-05-23T13:51:12 IST">
  <testcase classname="testClass.Post_TC_1" name="execute" time="5.347"/>
  <testcase classname="testClass.Post_TC_2" name="execute" time="1.037"/>
  <testcase classname="testClass.Post_TC_3" name="execute" time="0.999"/>
</testsuite> <!-- Test -->
