<?xml version="1.0" encoding="UTF-8"?>
<testng-results ignored="0" total="3" passed="3" failed="0" skipped="0">
  <reporter-output>
  </reporter-output>
  <suite started-at="2023-05-23T13:51:04 IST" name="Suite" finished-at="2023-05-23T13:51:12 IST" duration-ms="7602">
    <groups>
    </groups>
    <test started-at="2023-05-23T13:51:04 IST" name="Test" finished-at="2023-05-23T13:51:12 IST" duration-ms="7602">
      <class name="testClass.Post_TC_3">
        <test-method signature="execute()[pri:0, instance:testClass.Post_TC_3@75d3a5e0]" started-at="2023-05-23T13:51:11 IST" name="execute" finished-at="2023-05-23T13:51:12 IST" duration-ms="999" status="PASS">
          <reporter-output>
          </reporter-output>
        </test-method> <!-- execute -->
      </class> <!-- testClass.Post_TC_3 -->
      <class name="testClass.Post_TC_1">
        <test-method signature="execute()[pri:0, instance:testClass.Post_TC_1@563f38c4]" started-at="2023-05-23T13:51:04 IST" name="execute" finished-at="2023-05-23T13:51:10 IST" duration-ms="5347" status="PASS">
          <reporter-output>
          </reporter-output>
        </test-method> <!-- execute -->
      </class> <!-- testClass.Post_TC_1 -->
      <class name="testClass.Post_TC_2">
        <test-method signature="execute()[pri:0, instance:testClass.Post_TC_2@2034b64c]" started-at="2023-05-23T13:51:10 IST" name="execute" finished-at="2023-05-23T13:51:11 IST" duration-ms="1037" status="PASS">
          <reporter-output>
          </reporter-output>
        </test-method> <!-- execute -->
      </class> <!-- testClass.Post_TC_2 -->
    </test> <!-- Test -->
  </suite> <!-- Suite -->
</testng-results>
